<?xml version="1.0" encoding="UTF-8"?>
<testsuite name="TestRunner.OrderTestRunner" tests="6" skipped="0" failures="0" errors="0" timestamp="2022-08-28T06:53:50" hostname="DESKTOP-DGU9JC8" time="25.568">
  <properties/>
  <testcase name="emptySearch" classname="TestRunner.OrderTestRunner" time="13.659"/>
  <testcase name="InvalidSearchProduct" classname="TestRunner.OrderTestRunner" time="2.445"/>
  <testcase name="searchProduct" classname="TestRunner.OrderTestRunner" time="2.726"/>
  <testcase name="chooseProduct" classname="TestRunner.OrderTestRunner" time="3.16"/>
  <testcase name="addToCart" classname="TestRunner.OrderTestRunner" time="0.104"/>
  <testcase name="checkProductSumary" classname="TestRunner.OrderTestRunner" time="3.447"/>
  <system-out><![CDATA[]]></system-out>
  <system-err><![CDATA[]]></system-err>
</testsuite>
