<?xml version="1.0" encoding="UTF-8"?>
<testsuite name="TestRunner.SignupTestRunner" tests="8" skipped="0" failures="0" errors="0" timestamp="2022-08-28T06:51:28" hostname="DESKTOP-DGU9JC8" time="64.063">
  <properties/>
  <testcase name="alreadyRegisteredEmail" classname="TestRunner.SignupTestRunner" time="16.223"/>
  <testcase name="validEmailRegisterForm" classname="TestRunner.SignupTestRunner" time="3.27"/>
  <testcase name="EmptyInfoReg" classname="TestRunner.SignupTestRunner" time="2.382"/>
  <testcase name="invalidFirstandLastName" classname="TestRunner.SignupTestRunner" time="12.369"/>
  <testcase name="invalidPasswordCheck" classname="TestRunner.SignupTestRunner" time="7.54"/>
  <testcase name="invalidZipCode" classname="TestRunner.SignupTestRunner" time="13.413"/>
  <testcase name="OneMobileNum" classname="TestRunner.SignupTestRunner" time="2.78"/>
  <testcase name="finalSignUp" classname="TestRunner.SignupTestRunner" time="5.912"/>
  <system-out><![CDATA[]]></system-out>
  <system-err><![CDATA[]]></system-err>
</testsuite>
